0 info it worked if it ends with ok
1 verbose cli [ 'node', '/usr/local/bin/npm', 'install', '-g', 'topojson' ]
2 info using npm@1.3.4
3 info using node@v0.10.12
4 verbose cache add [ 'topojson', null ]
5 verbose cache add name=undefined spec="topojson" args=["topojson",null]
6 verbose parsed url { protocol: null,
6 verbose parsed url   slashes: null,
6 verbose parsed url   auth: null,
6 verbose parsed url   host: null,
6 verbose parsed url   port: null,
6 verbose parsed url   hostname: null,
6 verbose parsed url   hash: null,
6 verbose parsed url   search: null,
6 verbose parsed url   query: null,
6 verbose parsed url   pathname: 'topojson',
6 verbose parsed url   path: 'topojson',
6 verbose parsed url   href: 'topojson' }
7 silly lockFile 947c2103-topojson topojson
8 verbose lock topojson /home/webmaster/.npm/947c2103-topojson.lock
9 silly lockFile 947c2103-topojson topojson
10 silly lockFile 947c2103-topojson topojson
11 verbose addNamed [ 'topojson', '' ]
12 verbose addNamed [ null, '*' ]
13 silly lockFile 7edf76d6-topojson topojson@
14 verbose lock topojson@ /home/webmaster/.npm/7edf76d6-topojson.lock
15 silly addNameRange { name: 'topojson', range: '*', hasData: false }
16 verbose url raw topojson
17 verbose url resolving [ 'https://registry.npmjs.org/', './topojson' ]
18 verbose url resolved https://registry.npmjs.org/topojson
19 info trying registry request attempt 1 at 17:23:45
20 verbose etag "58HEYPNJ0ZARX6VJXGP1JVIYM"
21 http GET https://registry.npmjs.org/topojson
22 http 304 https://registry.npmjs.org/topojson
23 silly registry.get cb [ 304,
23 silly registry.get   { server: 'CouchDB/1.3.1 (Erlang OTP/R15B03)',
23 silly registry.get     etag: '"58HEYPNJ0ZARX6VJXGP1JVIYM"',
23 silly registry.get     date: 'Fri, 25 Oct 2013 08:23:46 GMT',
23 silly registry.get     'content-length': '0' } ]
24 verbose etag topojson from cache
25 silly addNameRange number 2 { name: 'topojson', range: '*', hasData: true }
26 silly addNameRange versions [ 'topojson',
26 silly addNameRange   [ '0.0.1',
26 silly addNameRange     '0.0.2',
26 silly addNameRange     '0.0.4',
26 silly addNameRange     '0.0.5',
26 silly addNameRange     '0.0.6',
26 silly addNameRange     '0.0.7',
26 silly addNameRange     '0.0.8',
26 silly addNameRange     '0.0.9',
26 silly addNameRange     '0.0.10',
26 silly addNameRange     '0.0.11',
26 silly addNameRange     '0.0.12',
26 silly addNameRange     '0.0.13',
26 silly addNameRange     '0.0.14',
26 silly addNameRange     '0.0.15',
26 silly addNameRange     '0.0.16',
26 silly addNameRange     '0.0.17',
26 silly addNameRange     '0.0.18',
26 silly addNameRange     '0.0.19',
26 silly addNameRange     '0.0.20',
26 silly addNameRange     '0.0.21',
26 silly addNameRange     '0.0.23',
26 silly addNameRange     '0.0.24',
26 silly addNameRange     '0.0.25',
26 silly addNameRange     '0.0.26',
26 silly addNameRange     '0.0.27',
26 silly addNameRange     '0.0.28',
26 silly addNameRange     '0.0.29',
26 silly addNameRange     '0.0.30',
26 silly addNameRange     '0.0.31',
26 silly addNameRange     '0.0.32',
26 silly addNameRange     '0.0.33',
26 silly addNameRange     '0.0.34',
26 silly addNameRange     '0.0.35',
26 silly addNameRange     '0.0.36',
26 silly addNameRange     '0.0.37',
26 silly addNameRange     '0.0.38',
26 silly addNameRange     '0.0.39',
26 silly addNameRange     '1.0.0',
26 silly addNameRange     '1.1.0',
26 silly addNameRange     '1.1.1',
26 silly addNameRange     '1.1.2',
26 silly addNameRange     '1.1.3',
26 silly addNameRange     '1.1.4',
26 silly addNameRange     '1.1.5',
26 silly addNameRange     '1.1.6',
26 silly addNameRange     '1.2.0',
26 silly addNameRange     '1.2.1',
26 silly addNameRange     '1.2.2',
26 silly addNameRange     '1.2.3',
26 silly addNameRange     '1.3.0',
26 silly addNameRange     '1.4.0',
26 silly addNameRange     '1.4.1',
26 silly addNameRange     '1.4.2',
26 silly addNameRange     '1.4.3' ] ]
27 verbose addNamed [ 'topojson', '1.4.3' ]
28 verbose addNamed [ '1.4.3', '1.4.3' ]
29 silly lockFile 79fc3df2-topojson-1-4-3 topojson@1.4.3
30 verbose lock topojson@1.4.3 /home/webmaster/.npm/79fc3df2-topojson-1-4-3.lock
31 silly lockFile 79fc3df2-topojson-1-4-3 topojson@1.4.3
32 silly lockFile 79fc3df2-topojson-1-4-3 topojson@1.4.3
33 silly lockFile 7edf76d6-topojson topojson@
34 silly lockFile 7edf76d6-topojson topojson@
35 silly resolved [ { name: 'topojson',
35 silly resolved     version: '1.4.3',
35 silly resolved     description: 'An extension to GeoJSON that encodes topology.',
35 silly resolved     keywords: [ 'geojson', 'shapefile' ],
35 silly resolved     author: { name: 'Mike Bostock', url: 'http://bost.ocks.org/mike' },
35 silly resolved     repository: { type: 'git', url: 'https://github.com/mbostock/topojson.git' },
35 silly resolved     main: 'index.js',
35 silly resolved     dependencies:
35 silly resolved      { d3: '3',
35 silly resolved        'd3-geo-projection': '0.2',
35 silly resolved        optimist: '0.3',
35 silly resolved        'queue-async': '1.0',
35 silly resolved        shapefile: '0.1' },
35 silly resolved     devDependencies:
35 silly resolved      { vows: '0.7',
35 silly resolved        'uglify-js': '2',
35 silly resolved        'us-atlas': '0.0',
35 silly resolved        'world-atlas': '0.0' },
35 silly resolved     bin: { topojson: './bin/topojson', geojson: './bin/geojson' },
35 silly resolved     scripts: { test: './node_modules/.bin/vows && echo' },
35 silly resolved     readme: '# TopoJSON\n\n**TopoJSON** is an extension of GeoJSON that encodes topology. Rather than representing geometries discretely, geometries in TopoJSON files are stitched together from shared line segments called *arcs*. TopoJSON eliminates redundancy, offering much more compact representations of geometry than with GeoJSON; typical TopoJSON files are 80% smaller than their GeoJSON equivalents. In addition, TopoJSON facilitates applications that use topology, such as [topology-preserving shape simplification](http://bost.ocks.org/mike/simplify/), [automatic map coloring](http://bl.ocks.org/4188334), and [cartograms](http://prag.ma/code/d3-cartogram/).\n\nWant to learn more? [See the wiki.](https://github.com/mbostock/topojson/wiki)\n',
35 silly resolved     readmeFilename: 'README.md',
35 silly resolved     bugs: { url: 'https://github.com/mbostock/topojson/issues' },
35 silly resolved     _id: 'topojson@1.4.3',
35 silly resolved     _from: 'topojson@' } ]
36 info install topojson@1.4.3 into /usr/local/lib
37 info installOne topojson@1.4.3
38 info /usr/local/lib/node_modules/topojson unbuild
39 info preuninstall topojson@1.1.1
40 info uninstall topojson@1.1.1
41 verbose true,/usr/local/lib/node_modules,/usr/local/lib/node_modules unbuild topojson@1.1.1
42 verbose /usr/local/bin,[object Object] binRoot
43 info /usr/local/lib/node_modules/topojson unbuild
44 info preuninstall topojson@1.1.1
45 info uninstall topojson@1.1.1
46 verbose true,/usr/local/lib/node_modules,/usr/local/lib/node_modules unbuild topojson@1.1.1
47 verbose /usr/local/bin,[object Object] binRoot
48 error error rolling back Error: EACCES, unlink '/usr/local/bin/topojson'
48 error error rolling back  topojson@1.4.3 { [Error: EACCES, unlink '/usr/local/bin/topojson'] errno: 3, code: 'EACCES', path: '/usr/local/bin/topojson' }
49 error Error: EACCES, unlink '/usr/local/bin/topojson'
49 error  { [Error: EACCES, unlink '/usr/local/bin/topojson'] errno: 3, code: 'EACCES', path: '/usr/local/bin/topojson' }
50 error Please try running this command again as root/Administrator.
51 error System Linux 2.6.32-358.2.1.el6.x86_64
52 error command "node" "/usr/local/bin/npm" "install" "-g" "topojson"
53 error cwd /var/www/html/example/d3js/geo_example2/linkdata
54 error node -v v0.10.12
55 error npm -v 1.3.4
56 error path /usr/local/bin/topojson
57 error code EACCES
58 error errno 3
59 error stack Error: EACCES, unlink '/usr/local/bin/topojson'
60 verbose exit [ 3, true ]
